<testng-results>
  <reporter-output>
  </reporter-output>
  <suite name="Random" duration-ms="45795" started-at="2013-09-10T15:40:19Z" finished-at="2013-09-10T15:41:05Z">
    <groups>
    </groups>
    <test name="DataStructures.TestCases" duration-ms="45795" started-at="2013-09-10T15:40:19Z" finished-at="2013-09-10T15:41:05Z">
      <class name="DataStructures.TestCases">
        <test-method status="PASS" signature="GraphTest()" name="GraphTest" duration-ms="45754" started-at="2013-09-10T15:40:19Z" finished-at="2013-09-10T15:41:05Z">
        </test-method>
      </class>
    </test>
  </suite>
</testng-results>
