<testng-results>
  <reporter-output>
  </reporter-output>
  <suite name="Random" duration-ms="18" started-at="2013-09-05T11:16:37Z" finished-at="2013-09-05T11:16:37Z">
    <groups>
    </groups>
    <test name="BTreeTest" duration-ms="18" started-at="2013-09-05T11:16:37Z" finished-at="2013-09-05T11:16:37Z">
      <class name="BTreeTest">
        <test-method status="PASS" signature="testSetUp()" name="testSetUp" is-config="true" duration-ms="2" started-at="2013-09-05T11:16:37Z" finished-at="2013-09-05T11:16:37Z">
        </test-method>
        <test-method status="PASS" signature="test001()" name="test001" duration-ms="4" started-at="2013-09-05T11:16:37Z" finished-at="2013-09-05T11:16:37Z">
        </test-method>
        <test-method status="PASS" signature="testSetUp()" name="testSetUp" is-config="true" duration-ms="0" started-at="2013-09-05T11:16:37Z" finished-at="2013-09-05T11:16:37Z">
        </test-method>
        <test-method status="PASS" signature="test002()" name="test002" duration-ms="1" started-at="2013-09-05T11:16:37Z" finished-at="2013-09-05T11:16:37Z">
        </test-method>
        <test-method status="PASS" signature="testSetUp()" name="testSetUp" is-config="true" duration-ms="1" started-at="2013-09-05T11:16:37Z" finished-at="2013-09-05T11:16:37Z">
        </test-method>
        <test-method status="PASS" signature="test003()" name="test003" duration-ms="0" started-at="2013-09-05T11:16:37Z" finished-at="2013-09-05T11:16:37Z">
          <exception class="java.lang.RuntimeException">
            <message>
              <![CDATA[Please pass in a non-null value]]>
            </message>
            <full-stacktrace>
              <![CDATA[java.lang.RuntimeException: Please pass in a non-null value
	at BTree.isExists(BTree.java:26)
	at BTreeTest.test003(BTreeTest.java:47)
	at sun.reflect.NativeMethodAccessorImpl.invoke0(Native Method)
	at sun.reflect.NativeMethodAccessorImpl.invoke(NativeMethodAccessorImpl.java:39)
	at sun.reflect.DelegatingMethodAccessorImpl.invoke(DelegatingMethodAccessorImpl.java:25)
	at java.lang.reflect.Method.invoke(Method.java:597)
	at org.testng.internal.MethodHelper.invokeMethod(MethodHelper.java:640)
	at org.testng.internal.Invoker.invokeMethod(Invoker.java:627)
	at org.testng.internal.Invoker.invokeTestMethod(Invoker.java:799)
	at org.testng.internal.Invoker.invokeTestMethods(Invoker.java:1103)
	at org.testng.internal.TestMethodWorker.invokeTestMethods(TestMethodWorker.java:137)
	at org.testng.internal.TestMethodWorker.run(TestMethodWorker.java:121)
	at org.testng.TestRunner.runWorkers(TestRunner.java:1098)
	at org.testng.TestRunner.privateRun(TestRunner.java:727)
	at org.testng.TestRunner.run(TestRunner.java:581)
	at org.testng.SuiteRunner.runTest(SuiteRunner.java:315)
	at org.testng.SuiteRunner.runSequentially(SuiteRunner.java:310)
	at org.testng.SuiteRunner.privateRun(SuiteRunner.java:272)
	at org.testng.SuiteRunner.run(SuiteRunner.java:221)
	at org.testng.SuiteRunnerWorker.runSuite(SuiteRunnerWorker.java:40)
	at org.testng.SuiteRunnerWorker.run(SuiteRunnerWorker.java:83)
	at org.testng.internal.thread.ThreadUtil$CountDownLatchedRunnable.run(ThreadUtil.java:151)
	at java.util.concurrent.ThreadPoolExecutor$Worker.runTask(ThreadPoolExecutor.java:886)
	at java.util.concurrent.ThreadPoolExecutor$Worker.run(ThreadPoolExecutor.java:908)
	at java.lang.Thread.run(Thread.java:662)
]]>
            </full-stacktrace>
          </exception>
        </test-method>
      </class>
    </test>
  </suite>
</testng-results>
