<?xml version="1.0" encoding="UTF-8"?>
<testng-results skipped="0" failed="0" total="1" passed="1">
  <reporter-output>
  </reporter-output>
  <suite name="Default suite" duration-ms="26" started-at="2016-11-17T19:40:56Z" finished-at="2016-11-17T19:40:56Z">
    <groups>
    </groups>
    <test name="Default test" duration-ms="26" started-at="2016-11-17T19:40:56Z" finished-at="2016-11-17T19:40:56Z">
      <class name="test.TestCases">
        <test-method status="PASS" signature="BSTTest()[pri:0, instance:test.TestCases@6a024a67]" name="BSTTest" duration-ms="14" started-at="2016-11-17T11:40:56Z" finished-at="2016-11-17T11:40:56Z">
          <reporter-output>
          </reporter-output>
        </test-method> <!-- BSTTest -->
      </class> <!-- test.TestCases -->
    </test> <!-- Default test -->
  </suite> <!-- Default suite -->
</testng-results>
